2 5 8
10 17 18
18 29 112
26 41 112
34 53 110
42 65 113
50 77 116
58 89 116
66 101 119
74 113 119
82 125 119
90 137 122
98 149 122
106 161 122
114 173 125
122 185 125
130 197 125
138 209 125
146 221 125
154 233 128
162 245 128
170 257 128
178 269 128
186 281 128
194 293 128
202 305 128
210 317 131
218 329 144
226 341 144
234 353 144
242 365 144
250 377 144
258 389 144
266 401 144
274 413 144
282 425 144
290 437 144
298 449 144
306 461 144
314 473 144
322 485 144
330 497 142
338 509 142
346 521 142
354 533 142
362 545 142
370 557 142
378 569 142
386 581 142
394 593 142
402 605 142
410 617 142
418 629 142
426 641 142
434 653 145
442 665 145
450 677 145
458 689 145
466 701 145
474 713 171
482 725 171
490 737 171
498 749 171
506 761 171
514 773 171
522 785 171
530 797 171
538 809 171
546 821 171
554 833 171
562 845 171
570 857 171
578 869 171
586 881 179
594 893 179
602 905 179
610 917 179
618 929 179
626 941 179
634 953 179
642 965 179
650 977 179
658 989 179
666 1001 179
674 1013 179
682 1025 179
690 1037 179
698 1049 179
706 1061 179
714 1073 179
722 1085 179
730 1097 179
738 1109 179
746 1121 179
754 1133 179
762 1145 179
770 1157 179
778 1169 182
786 1181 182
794 1193 182
802 1205 182
810 1217 182
818 1229 182
826 1241 182
834 1253 182
842 1265 182
850 1277 182
858 1289 182
866 1301 182
874 1313 182
882 1325 182
890 1337 182
898 1349 182
906 1361 182
914 1373 182
922 1385 182
930 1397 182
938 1409 182
946 1421 182
954 1433 182
962 1445 182
970 1457 182
978 1469 182
986 1481 182
994 1493 182
1002 1505 182
1010 1517 182
1018 1529 182
1026 1541 182
1034 1553 182
1042 1565 182
1050 1577 182
1058 1589 182
1066 1601 182
1074 1613 182
1082 1625 182
1090 1637 182
1098 1649 182
1106 1661 182
1114 1673 182
1122 1685 182
1130 1697 182
1138 1709 182
1146 1721 182
1154 1733 182
1162 1745 180
1170 1757 180
1178 1769 180
1186 1781 180
1194 1793 180
1202 1805 180
1210 1817 180
1218 1829 180
1226 1841 180
1234 1853 180
1242 1865 180
1250 1877 180
1258 1889 180
1266 1901 180
1274 1913 180
1282 1925 180
1290 1937 180
1298 1949 180
1306 1961 180
1314 1973 180
1322 1985 180
1330 1997 180
1338 2009 180
1346 2021 180
1354 2033 180
1362 2045 180
1370 2057 180
1378 2069 180
1386 2081 180
1394 2093 180
1402 2105 180
1410 2117 180
1418 2129 180
1426 2141 180
1434 2153 180
1442 2165 180
1450 2177 180
1458 2189 180
1466 2201 180
1474 2213 180
1482 2225 183
1490 2237 183
1498 2249 183
1506 2261 183
1514 2273 183
1522 2285 183
1530 2297 183
1538 2309 183
1546 2321 183
1554 2333 183
1562 2345 183
1570 2357 183
1578 2369 183
1586 2381 183
1594 2393 183
1602 2405 183
1610 2417 183
1618 2429 183
1626 2441 183
1634 2453 183
1642 2465 209
1650 2477 209
1658 2489 209
1666 2501 209
1674 2513 209
1682 2525 209
1690 2537 209
1698 2549 209
1706 2561 209
1714 2573 209
1722 2585 209
1730 2597 209
1738 2609 209
1746 2621 209
1754 2633 209
1762 2645 209
1770 2657 209
1778 2669 209
1786 2681 209
1794 2693 209
1802 2705 209
1810 2717 209
1818 2729 209
1826 2741 209
1834 2753 209
1842 2765 209
1850 2777 209
1858 2789 209
1866 2801 209
1874 2813 209
1882 2825 209
1890 2837 209
1898 2849 209
1906 2861 209
1914 2873 209
1922 2885 209
1930 2897 209
1938 2909 209
1946 2921 217
1954 2933 217
1962 2945 217
1970 2957 217
1978 2969 217
1986 2981 217
1994 2993 217
2002 3005 217
2010 3017 217
2018 3029 217
2026 3041 217
2034 3053 217
2042 3065 217
2050 3077 217
2058 3089 217
2066 3101 217
2074 3113 217
2082 3125 217
2090 3137 217
2098 3149 217
2106 3161 217
2114 3173 217
2122 3185 217
2130 3197 217
2138 3209 217
2146 3221 217
2154 3233 217
2162 3245 217
2170 3257 217
2178 3269 217
2186 3281 217
2194 3293 217
2202 3305 217
2210 3317 217
2218 3329 217
2226 3341 217
2234 3353 217
2242 3365 217
2250 3377 217
2258 3389 217
2266 3401 217
2274 3413 217
2282 3425 217
2290 3437 217
2298 3449 217
2306 3461 217
2314 3473 217
2322 3485 217
2330 3497 217
2338 3509 217
2346 3521 217
2354 3533 217
2362 3545 217
2370 3557 217
2378 3569 217
2386 3581 217
2394 3593 217
2402 3605 217
2410 3617 217
2418 3629 217
2426 3641 217
2434 3653 217
2442 3665 217
2450 3677 217
2458 3689 217
2466 3701 217
2474 3713 238
2482 3725 238
2490 3737 238
2498 3749 238
2506 3761 238
2514 3773 238
2522 3785 238
2530 3797 238
2538 3809 238
2546 3821 238
2554 3833 238
2562 3845 238
2570 3857 238
2578 3869 238
2586 3881 238
2594 3893 238
2602 3905 238
2610 3917 238
2618 3929 238
2626 3941 238
2634 3953 238
2642 3965 238
2650 3977 238
2658 3989 238
2666 4001 238
2674 4013 238
2682 4025 238
2690 4037 238
2698 4049 238
2706 4061 238
2714 4073 238
2722 4085 238
2730 4097 238
2738 4109 238
2746 4121 238
2754 4133 238
2762 4145 238
2770 4157 238
2778 4169 238
2786 4181 238
2794 4193 238
2802 4205 238
2810 4217 238
2818 4229 238
2826 4241 238
2834 4253 238
2842 4265 238
2850 4277 238
2858 4289 238
2866 4301 238
2874 4313 238
2882 4325 238
2890 4337 238
2898 4349 238
2906 4361 238
2914 4373 238
2922 4385 238
2930 4397 238
2938 4409 238
2946 4421 238
2954 4433 238
2962 4445 238
2970 4457 238
2978 4469 238
2986 4481 238
2994 4493 238
3002 4505 238
3010 4517 238
3018 4529 238
3026 4541 238
3034 4553 238
3042 4565 238
3050 4577 238
3058 4589 238
3066 4601 238
3074 4613 238
3082 4625 238
3090 4637 238
3098 4649 238
3106 4661 238
3114 4673 238
3122 4685 238
3130 4697 238
3138 4709 238
3146 4721 238
3154 4733 238
3162 4745 238
3170 4757 238
3178 4769 238
3186 4781 238
3194 4793 238
3202 4805 238
3210 4817 238
3218 4829 238
3226 4841 238
3234 4853 238
3242 4865 238
3250 4877 238
3258 4889 238
3266 4901 238
3274 4913 238
3282 4925 238
3290 4937 238
3298 4949 238
3306 4961 238
3314 4973 238
3322 4985 238
3330 4997 238
3338 5009 238
3346 5021 238
3354 5033 238
3362 5045 238
3370 5057 238
3378 5069 238
3386 5081 238
3394 5093 238
3402 5105 238
3410 5117 238
3418 5129 238
3426 5141 238
3434 5153 238
3442 5165 238
3450 5177 238
3458 5189 238
3466 5201 238
3474 5213 238
3482 5225 238
3490 5237 238
3498 5249 238
3506 5261 238
3514 5273 238
3522 5285 238
3530 5297 238
3538 5309 238
3546 5321 238
3554 5333 238
3562 5345 238
3570 5357 238
3578 5369 238
3586 5381 238
3594 5393 238
3602 5405 238
3610 5417 238
3618 5429 238
3626 5441 238
3634 5453 238
3642 5465 238
3650 5477 238
3658 5489 238
3666 5501 238
3674 5513 238
3682 5525 238
3690 5537 238
3698 5549 238
3706 5561 238
3714 5573 236
3722 5585 236
3730 5597 236
3738 5609 236
3746 5621 236
3754 5633 236
3762 5645 236
3770 5657 236
3778 5669 236
3786 5681 236
3794 5693 236
3802 5705 236
3810 5717 236
3818 5729 236
3826 5741 236
3834 5753 236
3842 5765 236
3850 5777 236
3858 5789 236
3866 5801 236
3874 5813 236
3882 5825 236
3890 5837 236
3898 5849 236
3906 5861 236
3914 5873 236
3922 5885 236
3930 5897 236
3938 5909 236
3946 5921 236
3954 5933 236
3962 5945 236
3970 5957 236
3978 5969 236
3986 5981 236
3994 5993 236
4002 6005 236
4010 6017 236
4018 6029 236
4026 6041 236
4034 6053 236
4042 6065 236
4050 6077 236
4058 6089 236
4066 6101 236
4074 6113 236
4082 6125 236
4090 6137 236
4098 6149 236
4106 6161 236
4114 6173 262
4122 6185 262
4130 6197 262
4138 6209 262
4146 6221 262
4154 6233 262
4162 6245 262
4170 6257 262
4178 6269 262
4186 6281 262
4194 6293 262
4202 6305 262
4210 6317 262
4218 6329 262
4226 6341 262
4234 6353 262
4242 6365 262
4250 6377 262
4258 6389 262
4266 6401 262
4274 6413 262
4282 6425 262
4290 6437 262
4298 6449 262
4306 6461 262
4314 6473 262
4322 6485 262
4330 6497 262
4338 6509 262
4346 6521 262
4354 6533 262
4362 6545 262
4370 6557 262
4378 6569 262
4386 6581 262
4394 6593 262
4402 6605 262
4410 6617 262
4418 6629 262
4426 6641 262
4434 6653 262
4442 6665 262
4450 6677 262
4458 6689 262
4466 6701 262
4474 6713 262
4482 6725 262
4490 6737 262
4498 6749 262
4506 6761 262
4514 6773 262
4522 6785 262
4530 6797 262
4538 6809 262
4546 6821 262
4554 6833 262
4562 6845 262
4570 6857 262
4578 6869 262
4586 6881 262
4594 6893 262
4602 6905 262
4610 6917 262
4618 6929 262
4626 6941 262
4634 6953 262
4642 6965 262
4650 6977 262
4658 6989 262
4666 7001 262
4674 7013 262
4682 7025 262
4690 7037 262
4698 7049 262
4706 7061 262
4714 7073 262
4722 7085 262
4730 7097 262
4738 7109 262
4746 7121 262
4754 7133 262
4762 7145 262
4770 7157 262
4778 7169 262
4786 7181 262
4794 7193 262
4802 7205 262
4810 7217 262
4818 7229 262
4826 7241 262
4834 7253 262
4842 7265 262
4850 7277 262
4858 7289 262
4866 7301 262
4874 7313 262
4882 7325 262
4890 7337 262
4898 7349 262
4906 7361 262
4914 7373 262
4922 7385 262
4930 7397 262
4938 7409 262
4946 7421 262
4954 7433 262
4962 7445 262
4970 7457 262
4978 7469 262
4986 7481 262
4994 7493 262
5002 7505 262
5010 7517 262
5018 7529 262
5026 7541 262
5034 7553 262
5042 7565 262
5050 7577 262
5058 7589 262
5066 7601 262
5074 7613 262
5082 7625 262
5090 7637 262
5098 7649 262
5106 7661 262
5114 7673 262
5122 7685 262
5130 7697 262
5138 7709 262
5146 7721 262
5154 7733 262
5162 7745 262
5170 7757 262
5178 7769 262
5186 7781 262
5194 7793 262
5202 7805 262
5210 7817 262
5218 7829 262
5226 7841 262
5234 7853 262
5242 7865 262
5250 7877 262
5258 7889 262
5266 7901 262
5274 7913 262
5282 7925 262
5290 7937 262
5298 7949 262
5306 7961 262
5314 7973 262
5322 7985 262
5330 7997 262
5338 8009 262
5346 8021 262
5354 8033 262
5362 8045 262
5370 8057 262
5378 8069 262
5386 8081 262
5394 8093 262
5402 8105 262
5410 8117 262
5418 8129 262
5426 8141 262
5434 8153 262
5442 8165 262
5450 8177 262
5458 8189 262
5466 8201 262
5474 8213 262
5482 8225 262
5490 8237 262
5498 8249 262
5506 8261 262
5514 8273 262
5522 8285 262
5530 8297 262
5538 8309 262
5546 8321 262
5554 8333 262
5562 8345 262
5570 8357 262
5578 8369 262
5586 8381 262
5594 8393 262
5602 8405 262
5610 8417 262
5618 8429 262
5626 8441 262
5634 8453 262
5642 8465 262
5650 8477 262
5658 8489 262
5666 8501 262
5674 8513 262
5682 8525 262
5690 8537 262
5698 8549 262
5706 8561 262
5714 8573 262
5722 8585 262
5730 8597 262
5738 8609 262
5746 8621 262
5754 8633 262
5762 8645 262
5770 8657 262
5778 8669 262
5786 8681 262
5794 8693 262
5802 8705 262
5810 8717 262
5818 8729 262
5826 8741 262
5834 8753 262
5842 8765 262
5850 8777 262
5858 8789 262
5866 8801 262
5874 8813 262
5882 8825 262
5890 8837 262
5898 8849 262
5906 8861 262
5914 8873 262
5922 8885 262
5930 8897 262
5938 8909 262
5946 8921 262
5954 8933 262
5962 8945 262
5970 8957 262
5978 8969 262
5986 8981 262
5994 8993 262
6002 9005 262
6010 9017 262
6018 9029 262
6026 9041 262
6034 9053 262
6042 9065 262
6050 9077 262
6058 9089 262
6066 9101 262
6074 9113 262
6082 9125 262
6090 9137 262
6098 9149 262
6106 9161 262
6114 9173 262
6122 9185 262
6130 9197 262
6138 9209 262
6146 9221 262
6154 9233 262
6162 9245 262
6170 9257 262
6178 9269 260
6186 9281 260
6194 9293 260
6202 9305 260
6210 9317 260
6218 9329 260
6226 9341 260
6234 9353 260
6242 9365 260
6250 9377 260
6258 9389 260
6266 9401 260
6274 9413 260
6282 9425 260
6290 9437 260
6298 9449 260
6306 9461 260
6314 9473 260
6322 9485 260
6330 9497 260
6338 9509 260
6346 9521 260
6354 9533 260
6362 9545 260
6370 9557 260
6378 9569 260
6386 9581 260
6394 9593 260
6402 9605 260
6410 9617 260
6418 9629 260
6426 9641 260
6434 9653 260
6442 9665 260
6450 9677 260
6458 9689 260
6466 9701 260
6474 9713 260
6482 9725 260
6490 9737 260
6498 9749 260
6506 9761 260
6514 9773 260
6522 9785 260
6530 9797 260
6538 9809 260
6546 9821 260
6554 9833 260
6562 9845 260
6570 9857 260
6578 9869 260
6586 9881 260
6594 9893 260
6602 9905 260
6610 9917 260
6618 9929 260
6626 9941 260
6634 9953 260
6642 9965 260
6650 9977 260
6658 9989 260
6666 10001 260
6674 10013 260
6682 10025 260
6690 10037 260
6698 10049 260
6706 10061 260
6714 10073 260
6722 10085 260
6730 10097 260
6738 10109 260
6746 10121 260
6754 10133 260
6762 10145 260
6770 10157 260
6778 10169 260
6786 10181 260
6794 10193 260
6802 10205 260
6810 10217 260
6818 10229 260
6826 10241 260
6834 10253 260
6842 10265 260
6850 10277 260
6858 10289 260
6866 10301 260
6874 10313 260
6882 10325 260
6890 10337 260
6898 10349 260
6906 10361 260
6914 10373 260
6922 10385 260
6930 10397 260
6938 10409 260
6946 10421 260
6954 10433 260
6962 10445 260
6970 10457 260
6978 10469 260
6986 10481 260
6994 10493 260
7002 10505 260
7010 10517 260
7018 10529 260
7026 10541 260
7034 10553 260
7042 10565 260
7050 10577 260
7058 10589 260
7066 10601 260
7074 10613 260
7082 10625 260
7090 10637 260
7098 10649 260
7106 10661 260
7114 10673 260
7122 10685 260
7130 10697 260
7138 10709 260
7146 10721 260
7154 10733 260
7162 10745 260
7170 10757 260
7178 10769 260
7186 10781 260
7194 10793 260
7202 10805 260
7210 10817 260
7218 10829 260
7226 10841 260
7234 10853 260
7242 10865 260
7250 10877 260
7258 10889 260
7266 10901 260
7274 10913 260
7282 10925 260
7290 10937 260
7298 10949 260
7306 10961 260
7314 10973 268
7322 10985 268
7330 10997 268
7338 11009 268
7346 11021 268
7354 11033 268
7362 11045 268
7370 11057 268
7378 11069 268
7386 11081 268
7394 11093 268
7402 11105 268
7410 11117 268
7418 11129 268
7426 11141 268
7434 11153 268
7442 11165 268
7450 11177 268
7458 11189 268
7466 11201 268
7474 11213 268
7482 11225 268
7490 11237 268
7498 11249 268
7506 11261 268
7514 11273 268
7522 11285 268
7530 11297 268
7538 11309 268
7546 11321 268
7554 11333 268
7562 11345 268
7570 11357 268
7578 11369 268
7586 11381 268
7594 11393 268
7602 11405 268
7610 11417 268
7618 11429 268
7626 11441 268
7634 11453 268
7642 11465 268
7650 11477 268
7658 11489 268
7666 11501 268
7674 11513 268
7682 11525 268
7690 11537 268
7698 11549 268
7706 11561 268
7714 11573 268
7722 11585 268
7730 11597 268
7738 11609 268
7746 11621 268
7754 11633 268
7762 11645 268
7770 11657 268
7778 11669 268
7786 11681 268
7794 11693 268
7802 11705 268
7810 11717 268
7818 11729 268
7826 11741 268
7834 11753 268
7842 11765 268
7850 11777 268
7858 11789 268
7866 11801 268
7874 11813 268
7882 11825 268
7890 11837 268
7898 11849 268
7906 11861 268
7914 11873 268
7922 11885 268
7930 11897 268
7938 11909 268
7946 11921 268
7954 11933 268
7962 11945 268
7970 11957 268
7978 11969 268
7986 11981 268
7994 11993 268
